app/build/intermediates/manifest_merge_blame_file/debug/processDebugMainManifest/manifest-merger-blame-debug-report.txt
1<?xml version="1.0" encoding="utf-8"?>
2<manifest xmlns:android="http://schemas.android.com/apk/res/android"
3    package="com.nor.campusmate"
4    android:versionCode="1"
5    android:versionName="1.0" >
6
7    <uses-sdk
7-->INJECTED
8        android:minSdkVersion="24"
8-->INJECTED
9        android:targetSdkVersion="36" />
9-->INJECTED
10
11    <uses-permission android:name="android.permission.CAMERA" />
11-->src/main/AndroidManifest.xml:2:5-65
11-->src/main/AndroidManifest.xml:2:22-62
12
13    <permission
13-->[androidx.core:core:1.13.1] AndroidManifest.xml:22:5-24:47
14        android:name="com.nor.campusmate.DYNAMIC_RECEIVER_NOT_EXPORTED_PERMISSION"
14-->[androidx.core:core:1.13.1] AndroidManifest.xml:23:9-81
15        android:protectionLevel="signature" />
15-->[androidx.core:core:1.13.1] AndroidManifest.xml:24:9-44
16
17    <uses-permission android:name="com.nor.campusmate.DYNAMIC_RECEIVER_NOT_EXPORTED_PERMISSION" />
17-->[androidx.core:core:1.13.1] AndroidManifest.xml:26:5-97
17-->[androidx.core:core:1.13.1] AndroidManifest.xml:26:22-94
18
19    <application
19-->src/main/AndroidManifest.xml:4:5-32:19
20        android:allowBackup="true"
20-->src/main/AndroidManifest.xml:7:9-35
21        android:appComponentFactory="androidx.core.app.CoreComponentFactory"
21-->[androidx.core:core:1.13.1] AndroidManifest.xml:28:18-86
22        android:debuggable="true"
23        android:extractNativeLibs="false"
23-->INJECTED
24        android:label="CampusMate"
24-->src/main/AndroidManifest.xml:6:9-35
25        android:supportsRtl="true"
25-->src/main/AndroidManifest.xml:8:9-35
26        android:theme="@style/Theme.CampusMate" >
26-->src/main/AndroidManifest.xml:5:9-48
27        <provider
27-->src/main/AndroidManifest.xml:10:9-14:50
28            android:name="com.nor.campusmate.AttachmentProvider"
28-->src/main/AndroidManifest.xml:11:13-47
29            android:authorities="com.nor.campusmate.files"
29-->src/main/AndroidManifest.xml:12:13-59
30            android:exported="false"
30-->src/main/AndroidManifest.xml:13:13-37
31            android:grantUriPermissions="true" />
31-->src/main/AndroidManifest.xml:14:13-47
32        <provider
32-->src/main/AndroidManifest.xml:16:9-24:20
33            android:name="androidx.core.content.FileProvider"
33-->src/main/AndroidManifest.xml:17:13-62
34            android:authorities="com.nor.campusmate.fileprovider"
34-->src/main/AndroidManifest.xml:18:13-66
35            android:exported="false"
35-->src/main/AndroidManifest.xml:19:13-37
36            android:grantUriPermissions="true" >
36-->src/main/AndroidManifest.xml:20:13-47
37            <meta-data
37-->src/main/AndroidManifest.xml:21:13-23:54
38                android:name="android.support.FILE_PROVIDER_PATHS"
38-->src/main/AndroidManifest.xml:22:17-67
39                android:resource="@xml/file_paths" />
39-->src/main/AndroidManifest.xml:23:17-51
40        </provider>
41
42        <activity
42-->src/main/AndroidManifest.xml:26:9-31:20
43            android:name="com.nor.campusmate.MainActivity"
43-->src/main/AndroidManifest.xml:26:19-47
44            android:exported="true"
44-->src/main/AndroidManifest.xml:26:85-108
45            android:screenOrientation="portrait" >
45-->src/main/AndroidManifest.xml:26:48-84
46            <intent-filter>
46-->src/main/AndroidManifest.xml:27:13-30:29
47                <action android:name="android.intent.action.MAIN" />
47-->src/main/AndroidManifest.xml:28:17-69
47-->src/main/AndroidManifest.xml:28:25-66
48
49                <category android:name="android.intent.category.LAUNCHER" />
49-->src/main/AndroidManifest.xml:29:17-77
49-->src/main/AndroidManifest.xml:29:27-74
50            </intent-filter>
51        </activity>
52
53        <provider
53-->[androidx.profileinstaller:profileinstaller:1.3.0] AndroidManifest.xml:24:9-32:20
54            android:name="androidx.startup.InitializationProvider"
54-->[androidx.profileinstaller:profileinstaller:1.3.0] AndroidManifest.xml:25:13-67
55            android:authorities="com.nor.campusmate.androidx-startup"
55-->[androidx.profileinstaller:profileinstaller:1.3.0] AndroidManifest.xml:26:13-68
56            android:exported="false" >
56-->[androidx.profileinstaller:profileinstaller:1.3.0] AndroidManifest.xml:27:13-37
57            <meta-data
57-->[androidx.profileinstaller:profileinstaller:1.3.0] AndroidManifest.xml:29:13-31:52
58                android:name="androidx.profileinstaller.ProfileInstallerInitializer"
58-->[androidx.profileinstaller:profileinstaller:1.3.0] AndroidManifest.xml:30:17-85
59                android:value="androidx.startup" />
59-->[androidx.profileinstaller:profileinstaller:1.3.0] AndroidManifest.xml:31:17-49
60        </provider>
61
62        <receiver
62-->[androidx.profileinstaller:profileinstaller:1.3.0] AndroidManifest.xml:34:9-52:20
63            android:name="androidx.profileinstaller.ProfileInstallReceiver"
63-->[androidx.profileinstaller:profileinstaller:1.3.0] AndroidManifest.xml:35:13-76
64            android:directBootAware="false"
64-->[androidx.profileinstaller:profileinstaller:1.3.0] AndroidManifest.xml:36:13-44
65            android:enabled="true"
65-->[androidx.profileinstaller:profileinstaller:1.3.0] AndroidManifest.xml:37:13-35
66            android:exported="true"
66-->[androidx.profileinstaller:profileinstaller:1.3.0] AndroidManifest.xml:38:13-36
67            android:permission="android.permission.DUMP" >
67-->[androidx.profileinstaller:profileinstaller:1.3.0] AndroidManifest.xml:39:13-57
68            <intent-filter>
68-->[androidx.profileinstaller:profileinstaller:1.3.0] AndroidManifest.xml:40:13-42:29
69                <action android:name="androidx.profileinstaller.action.INSTALL_PROFILE" />
69-->[androidx.profileinstaller:profileinstaller:1.3.0] AndroidManifest.xml:41:17-91
69-->[androidx.profileinstaller:profileinstaller:1.3.0] AndroidManifest.xml:41:25-88
70            </intent-filter>
71            <intent-filter>
71-->[androidx.profileinstaller:profileinstaller:1.3.0] AndroidManifest.xml:43:13-45:29
72                <action android:name="androidx.profileinstaller.action.SKIP_FILE" />
72-->[androidx.profileinstaller:profileinstaller:1.3.0] AndroidManifest.xml:44:17-85
72-->[androidx.profileinstaller:profileinstaller:1.3.0] AndroidManifest.xml:44:25-82
73            </intent-filter>
74            <intent-filter>
74-->[androidx.profileinstaller:profileinstaller:1.3.0] AndroidManifest.xml:46:13-48:29
75                <action android:name="androidx.profileinstaller.action.SAVE_PROFILE" />
75-->[androidx.profileinstaller:profileinstaller:1.3.0] AndroidManifest.xml:47:17-88
75-->[androidx.profileinstaller:profileinstaller:1.3.0] AndroidManifest.xml:47:25-85
76            </intent-filter>
77            <intent-filter>
77-->[androidx.profileinstaller:profileinstaller:1.3.0] AndroidManifest.xml:49:13-51:29
78                <action android:name="androidx.profileinstaller.action.BENCHMARK_OPERATION" />
78-->[androidx.profileinstaller:profileinstaller:1.3.0] AndroidManifest.xml:50:17-95
78-->[androidx.profileinstaller:profileinstaller:1.3.0] AndroidManifest.xml:50:25-92
79            </intent-filter>
80        </receiver>
81    </application>
82
83</manifest>